<?xml version="1.0" encoding="UTF-8"?>
<testng-results ignored="0" total="1" passed="1" failed="0" skipped="0">
  <reporter-output>
  </reporter-output>
  <suite started-at="2025-09-24T08:31:15 IST" name="Default suite" finished-at="2025-09-24T08:31:29 IST" duration-ms="13861">
    <groups>
    </groups>
    <test started-at="2025-09-24T08:31:15 IST" name="Default test" finished-at="2025-09-24T08:31:29 IST" duration-ms="13861">
      <class name="day6_24092025.CallingPOM">
        <test-method signature="executeMethod()[pri:0, instance:day6_24092025.CallingPOM@6da21078]" started-at="2025-09-24T08:31:15 IST" name="executeMethod" finished-at="2025-09-24T08:31:29 IST" duration-ms="13702" status="PASS">
          <reporter-output>
          </reporter-output>
        </test-method> <!-- executeMethod -->
      </class> <!-- day6_24092025.CallingPOM -->
    </test> <!-- Default test -->
  </suite> <!-- Default suite -->
</testng-results>
